c:\users\user\source\repos\kip_2020\kip_2020\debug\vc142.pdb
c:\users\user\source\repos\kip_2020\kip_2020\debug\vc142.idb
c:\users\user\source\repos\kip_2020\kip_2020\debug\semanticanalyz.obj
c:\users\user\source\repos\kip_2020\kip_2020\debug\polishnotation.obj
c:\users\user\source\repos\kip_2020\kip_2020\debug\parm.obj
c:\users\user\source\repos\kip_2020\kip_2020\debug\out.obj
c:\users\user\source\repos\kip_2020\kip_2020\debug\mfst.obj
c:\users\user\source\repos\kip_2020\kip_2020\debug\lt.obj
c:\users\user\source\repos\kip_2020\kip_2020\debug\log.obj
c:\users\user\source\repos\kip_2020\kip_2020\debug\lexanaliz.obj
c:\users\user\source\repos\kip_2020\kip_2020\debug\kip_2020.obj
c:\users\user\source\repos\kip_2020\kip_2020\debug\it.obj
c:\users\user\source\repos\kip_2020\kip_2020\debug\in.obj
c:\users\user\source\repos\kip_2020\kip_2020\debug\graibach.obj
c:\users\user\source\repos\kip_2020\kip_2020\debug\fst.obj
c:\users\user\source\repos\kip_2020\kip_2020\debug\error.obj
c:\users\user\source\repos\kip_2020\kip_2020\debug\codegeneration.obj
c:\users\user\source\repos\kip_2020\debug\kip_2020.ilk
c:\users\user\source\repos\kip_2020\debug\kip_2020.exe
c:\users\user\source\repos\kip_2020\debug\kip_2020.pdb
c:\users\user\source\repos\kip_2020\kip_2020\debug\kip_2020.tlog\cl.command.1.tlog
c:\users\user\source\repos\kip_2020\kip_2020\debug\kip_2020.tlog\cl.read.1.tlog
c:\users\user\source\repos\kip_2020\kip_2020\debug\kip_2020.tlog\cl.write.1.tlog
c:\users\user\source\repos\kip_2020\kip_2020\debug\kip_2020.tlog\link.command.1.tlog
c:\users\user\source\repos\kip_2020\kip_2020\debug\kip_2020.tlog\link.read.1.tlog
c:\users\user\source\repos\kip_2020\kip_2020\debug\kip_2020.tlog\link.write.1.tlog
