Сборка начата 17.12.2020 15:37:26.
Уровень детализации журнала: Normal.     1>Проект "C:\Users\User\source\repos\KIP_2020\KIP_2020\KIP_2020.vcxproj" в узле 2 (целевые объекты Build).
     1>InitializeBuildStatus:
         Создание "Debug\KIP_2020.tlog\unsuccessfulbuild", так как было задано "AlwaysCreate".
       ClCompile:
         C:\Program Files (x86)\Microsoft Visual Studio\2019\Community\VC\Tools\MSVC\14.27.29110\bin\HostX86\x86\CL.exe /c /ZI /JMC /nologo /W3 /WX- /diagnostics:column /sdl /Od /Oy- /D WIN32 /D _DEBUG /D _CRT_SECURE_NO_WARNINGS /D _CONSOLE /D _UNICODE /D UNICODE /Gm- /EHsc /RTC1 /MDd /GS /fp:precise /permissive- /Zc:wchar_t /Zc:forScope /Zc:inline /Fo"Debug\\" /Fd"Debug\vc142.pdb" /Gd /TP /analyze- /FC /errorReport:prompt MFST.cpp
         MFST.cpp
     1>C:\Users\User\source\repos\KIP_2020\KIP_2020\MFST.cpp(240,68): warning C4267: =: преобразование из "size_t" в "short"; возможна потеря данных
       Link:
         C:\Program Files (x86)\Microsoft Visual Studio\2019\Community\VC\Tools\MSVC\14.27.29110\bin\HostX86\x86\link.exe /ERRORREPORT:PROMPT /OUT:"C:\Users\User\source\repos\KIP_2020\Debug\KIP_2020.exe" /INCREMENTAL /NOLOGO kernel32.lib user32.lib gdi32.lib winspool.lib comdlg32.lib advapi32.lib shell32.lib ole32.lib oleaut32.lib uuid.lib odbc32.lib odbccp32.lib /MANIFEST /MANIFESTUAC:"level='asInvoker' uiAccess='false'" /manifest:embed /DEBUG:FASTLINK /PDB:"C:\Users\User\source\repos\KIP_2020\Debug\KIP_2020.pdb" /SUBSYSTEM:CONSOLE /TLBID:1 /DYNAMICBASE /NXCOMPAT /IMPLIB:"C:\Users\User\source\repos\KIP_2020\Debug\KIP_2020.lib" /MACHINE:X86 Debug\CodeGeneration.obj
         Debug\Error.obj
         Debug\FST.obj
         Debug\Graibach.obj
         Debug\In.obj
         Debug\IT.obj
         Debug\KIP_2020.obj
         Debug\LexAnaliz.obj
         Debug\Log.obj
         Debug\LT.obj
         Debug\MFST.obj
         Debug\Out.obj
         Debug\Parm.obj
         Debug\PolishNotation.obj
         Debug\SemanticAnalyz.obj
         KIP_2020.vcxproj -> C:\Users\User\source\repos\KIP_2020\Debug\KIP_2020.exe
       FinalizeBuildStatus:
         Файл "Debug\KIP_2020.tlog\unsuccessfulbuild" удаляется.
         Обращение к "Debug\KIP_2020.tlog\KIP_2020.lastbuildstate".
     1>Сборка проекта "C:\Users\User\source\repos\KIP_2020\KIP_2020\KIP_2020.vcxproj" завершена (целевые объекты Build).

Сборка успешно завершена.

       "C:\Users\User\source\repos\KIP_2020\KIP_2020\KIP_2020.vcxproj" (целевой объект Build ) (1) ->
       (Целевой объект ClCompile) -> 
         C:\Users\User\source\repos\KIP_2020\KIP_2020\MFST.cpp(240,68): warning C4267: =: преобразование из "size_t" в "short"; возможна потеря данных

    Предупреждений: 1
    Ошибок: 0

Прошло времени 00:00:02.00
